[07/17/2022 20:27:38] Debug: Session id: 426c2505-5458-424d-9372-7faabc63d35d
[07/17/2022 20:27:38] Debug: Code Processor information: Name :SnowConvert, Version: 7.9.154.0
[07/17/2022 20:27:39] Debug: Getting license
[07/17/2022 20:27:39] Debug: License information
	Status: Failed
	Message: No active license available.
[07/17/2022 20:27:39] Info: Starting to validate parameters
[07/17/2022 20:27:39] Info: Parameters to validate: 
	Execution mode: Conversion
[07/17/2022 20:27:39] Info: Validation of parameters: Success
[07/17/2022 20:27:39] Debug: Getting code descriptor
[07/17/2022 20:27:39] Debug: Code descriptor information
	Units: 51
	Units type: LOC
	All file bytes: 2141
	All found extensions: .sql,.dml,.ddl,.bteq,.btq,.fl,.fload,.ml,.mload,.mld,.tp,.tpump,.tpt
[07/17/2022 20:27:39] Debug: Calculating fingerprint
[07/17/2022 20:27:39] Debug: Fingerprint information Fingerprint(size=2141,projects=1)
[07/17/2022 20:27:39] Info: Starting to try to validate online license for execution
[07/17/2022 20:27:42] Debug: Getting license
[07/17/2022 20:27:42] Debug: License information
	Status: Failed
	Message: No active license available.
[07/17/2022 20:27:42] Debug: Starting the execution of the controller
[07/17/2022 20:27:42] Debug: Executing the worker: SnowConvert
[07/17/2022 20:27:58] Debug: Finished executing the worker: SnowConvert
[07/17/2022 20:28:00] Info: Controller execution ended
